{"version":1,"ops":[{"type":3,"author":{"id":"42b8049125821cad60d350df07d9d216b854f3f7"},"timestamp":1590497274,"metadata":{"github-id":"MDEyOklzc3VlQ29tbWVudDYzNDAwMjg1Ng==","github-url":"https://github.com/rurban/Cpanel-JSON-XS/issues/165#issuecomment-634002856"},"message":"Thanks, just another libc.\nWill add support for that","files":null},{"type":5,"author":{"id":"42b8049125821cad60d350df07d9d216b854f3f7"},"timestamp":1590497292,"metadata":{"github-id":"MDEyOkxhYmVsZWRFdmVudDMzNzMzNzk1NTM="},"added":["bug"],"removed":[]},{"type":3,"author":{"id":"f5bfb748a3783928d1aff33a3b69631f3c886139"},"timestamp":1594231794,"metadata":{"github-id":"MDEyOklzc3VlQ29tbWVudDY1NTY3NDcyMA==","github-url":"https://github.com/rurban/Cpanel-JSON-XS/issues/165#issuecomment-655674720"},"message":"Same issue on AIX 7.2 with xlc 16.1 compiler for reference, assuming when the AIX 7.2 libc support is added it will address this.","files":null},{"type":3,"author":{"id":"42b8049125821cad60d350df07d9d216b854f3f7"},"timestamp":1594274983,"metadata":{"github-id":"MDEyOklzc3VlQ29tbWVudDY1NTkyMjU3MA==","github-url":"https://github.com/rurban/Cpanel-JSON-XS/issues/165#issuecomment-655922570"},"message":"Thanks, I will add these strings for AIX","files":null},{"type":3,"author":{"id":"42b8049125821cad60d350df07d9d216b854f3f7"},"timestamp":1596628297,"metadata":{"github-id":"MDEyOklzc3VlQ29tbWVudDY2OTE0ODc0Ng==","github-url":"https://github.com/rurban/Cpanel-JSON-XS/issues/165#issuecomment-669148746"},"message":"Can you test the inf-aix branch with AIX support?","files":null},{"type":3,"author":{"id":"25d2f86c16f2d88fc7e70008cbc3245fd81962e9"},"timestamp":1596630755,"metadata":{"github-id":"MDEyOklzc3VlQ29tbWVudDY2OTE2NjAxMQ==","github-url":"https://github.com/rurban/Cpanel-JSON-XS/issues/165#issuecomment-669166011"},"message":"same as before:\n```\nt/117_numbers.t ............ 1/25 \n#   Failed test 'inf -\u003e \"inf\" stringify_infnan(1)'\n#   at t/117_numbers.t line 73.\n#          got: '[INF.0]'\n#     expected: '[\"inf\"]'\n\n#   Failed test '-inf -\u003e \"-inf\"'\n#   at t/117_numbers.t line 73.\n#          got: '[-INF.0]'\n#     expected: '[\"-inf\"]'\n\n#   Failed test 'nan -\u003e \"nan\"'\n#   at t/117_numbers.t line 73.\n#          got: '[-NaNQ]'\n#     expected: '[\"NANQ\"]'\n\n#   Failed test '-nan -\u003e \"-nan\"'\n#   at t/117_numbers.t line 73.\n#          got: '[NaNQ]'\n#     expected: '[\"NANQ\"]'\n\n#   Failed test '-nan -\u003e \"-nan\"'\n#   at t/117_numbers.t line 73.\n#          got: '[NaNQ]'\n#     expected: '[\"NANQ\"]'\n\n#   Failed test 'inf stringify_infnan(2)'\n#   at t/117_numbers.t line 73.\n#          got: '[INF.0]'\n#     expected: '[inf]'\n\n#   Failed test '-inf'\n#   at t/117_numbers.t line 73.\n#          got: '[-INF.0]'\n#     expected: '[-inf]'\n\n#   Failed test 'nan'\n#   at t/117_numbers.t line 73.\n#          got: '[-NaNQ]'\n#     expected: '[NANQ]'\n\n#   Failed test '-nan'\n#   at t/117_numbers.t line 73.\n#          got: '[NaNQ]'\n#     expected: '[NANQ]'\n\n#   Failed test '-nan'\n#   at t/117_numbers.t line 73.\n#          got: '[NaNQ]'\n#     expected: '[NANQ]'\n\n#   Failed test 'inf stringify_infnan(3)'\n#   at t/117_numbers.t line 101.\n#          got: '[INF.0]'\n#     expected: '[\"inf\"]'\n\n#   Failed test '-inf'\n#   at t/117_numbers.t line 102.\n#          got: '[-INF.0]'\n#     expected: '[\"-inf\"]'\n\n#   Failed test 'nan'\n#   at t/117_numbers.t line 103.\n#          got: '[-NaNQ]'\n#     expected: '[\"nan\"]'\n\n#   Failed test 'nan or -nan'\n#   at t/117_numbers.t line 104.\n#          got: '[NaNQ]'\n#     expected: '[\"nan\"]'\n\n#   Failed test 'nan or -nan'\n#   at t/117_numbers.t line 105.\n#          got: '[NaNQ]'\n#     expected: '[\"nan\"]'\n# Looks like you failed 15 tests of 25.\n```","files":null},{"type":3,"author":{"id":"42b8049125821cad60d350df07d9d216b854f3f7"},"timestamp":1596870730,"metadata":{"github-id":"MDEyOklzc3VlQ29tbWVudDY3MDgzNjg0NQ==","github-url":"https://github.com/rurban/Cpanel-JSON-XS/issues/165#issuecomment-670836845"},"message":"I think I fixed the AIX problem now. There was another special case for QNAN around, which I removed.\nCan you try `inf-aix` 26203a25b87e639243aa76b933bb032343504613","files":null},{"type":3,"author":{"id":"f5bfb748a3783928d1aff33a3b69631f3c886139"},"timestamp":1596897725,"metadata":{"github-id":"MDEyOklzc3VlQ29tbWVudDY3MDkzNjg3NQ==","github-url":"https://github.com/rurban/Cpanel-JSON-XS/issues/165#issuecomment-670936875"},"message":"Reini,\n\n   I gave that a go, but still having \"make test\" failures.  I've included\nthe output from both make and \"make test\" to help determine the issue(s).\nThe make output references a deprecated function, Perl_utf8n_to_uvuni,\nwhich seems to have been very recently deprecated from perl.  This is a\nperl 5.32.0 build.\n\nUsed your inf-aix git branch.\n\n\n# make\ncp XS/Boolean.pm blib/lib/Cpanel/JSON/XS/Boolean.pm\ncp XS/Type.pm blib/lib/Cpanel/JSON/XS/Type.pm\ncp XS.pm blib/lib/Cpanel/JSON/XS.pm\nRunning Mkbootstrap for XS ()\n        chmod 644 \"XS.bs\"\n         \"/opt/QL/language/perl5_32/pwr9_optimized/perl-5.32.0/bin/perl\"\n-MExtUtils::Command::MM -e 'cp_nonempty' -- XS.bs\nblib/arch/auto/Cpanel/JSON/XS/XS.bs 644\n        \"/opt/QL/language/perl5_32/pwr9_optimized/perl-5.32.0/bin/perl\"\n\"/opt/QL/language/perl5_32/pwr9_optimized/perl-5.32.0/lib/5.32.0/ExtUtils/xsubpp\"\n -typemap\n'/opt/QL/language/perl5_32/pwr9_optimized/perl-5.32.0/lib/5.32.0/ExtUtils/typemap'\n-typemap '/var/tmp/Cpanel-JSON-XS/typemap'  XS.xs \u003e XS.xsc\n        mv XS.xsc XS.c\n        cc_r -q32 -c    -D_ALL_SOURCE -D_ANSI_C_SOURCE -D_POSIX_SOURCE\n-qmaxmem=-1 -qnoansialias -qlanglvl=extc99 -DUSE_NATIVE_DLOPEN\n-DPERL_REENTRANT_MAXSIZE=65536 -DNEED_PTHREAD_INIT -q32 -D_LARGE_FILES -O2\n-qarch=pwr9    -DVERSION=\\\"4.20\\\"  -DXS_VERSION=\\\"4.20\\\"\n \"-I/opt/QL/language/perl5_32/pwr9_optimized/perl-5.32.0/lib/5.32.0/aix-thread-multi/CORE\"\n  XS.c\n\"/opt/QL/language/perl5_32/pwr9_optimized/perl-5.32.0/lib/5.32.0/aix-thread-multi/CORE/op.h\",\nline 203.5: 1506-159 (E) Bit field type specified for op_type is not valid.\nType unsigned assumed.\n\"/opt/QL/language/perl5_32/pwr9_optimized/perl-5.32.0/lib/5.32.0/aix-thread-multi/CORE/op.h\",\nline 203.5: 1506-159 (E) Bit field type specified for op_opt is not valid.\nType unsigned assumed.\n\"/opt/QL/language/perl5_32/pwr9_optimized/perl-5.32.0/lib/5.32.0/aix-thread-multi/CORE/op.h\",\nline 203.5: 1506-159 (E) Bit field type specified for op_slabbed is not\nvalid. Type unsigned assumed.\n\"/opt/QL/language/perl5_32/pwr9_optimized/perl-5.32.0/lib/5.32.0/aix-thread-multi/CORE/op.h\",\nline 203.5: 1506-159 (E) Bit field type specified for op_savefree is not\nvalid. Type unsigned assumed.\n\"/opt/QL/language/perl5_32/pwr9_optimized/perl-5.32.0/lib/5.32.0/aix-thread-multi/CORE/op.h\",\nline 203.5: 1506-159 (E) Bit field type specified for op_static is not\nvalid. Type unsigned assumed.\n\"/opt/QL/language/perl5_32/pwr9_optimized/perl-5.32.0/lib/5.32.0/aix-thread-multi/CORE/op.h\",\nline 203.5: 1506-159 (E) Bit field type specified for op_folded is not\nvalid. Type unsigned assumed.\n\"/opt/QL/language/perl5_32/pwr9_optimized/perl-5.32.0/lib/5.32.0/aix-thread-multi/CORE/op.h\",\nline 203.5: 1506-159 (E) Bit field type specified for op_moresib is not\nvalid. Type unsigned assumed.\n\"/opt/QL/language/perl5_32/pwr9_optimized/perl-5.32.0/lib/5.32.0/aix-thread-multi/CORE/op.h\",\nline 203.5: 1506-159 (E) Bit field type specified for op_spare is not\nvalid. Type unsigned assumed.\n\"/opt/QL/language/perl5_32/pwr9_optimized/perl-5.32.0/lib/5.32.0/aix-thread-multi/CORE/op.h\",\nline 207.5: 1506-159 (E) Bit field type specified for op_type is not valid.\nType unsigned assumed.\n\"/opt/QL/language/perl5_32/pwr9_optimized/perl-5.32.0/lib/5.32.0/aix-thread-multi/CORE/op.h\",\nline 207.5: 1506-159 (E) Bit field type specified for op_opt is not valid.\nType unsigned assumed.\n\"/opt/QL/language/perl5_32/pwr9_optimized/perl-5.32.0/lib/5.32.0/aix-thread-multi/CORE/op.h\",\nline 207.5: 1506-159 (E) Bit field type specified for op_slabbed is not\nvalid. Type unsigned assumed.\n\"/opt/QL/language/perl5_32/pwr9_optimized/perl-5.32.0/lib/5.32.0/aix-thread-multi/CORE/op.h\",\nline 207.5: 1506-159 (E) Bit field type specified for op_savefree is not\nvalid. Type unsigned assumed.\n\"/opt/QL/language/perl5_32/pwr9_optimized/perl-5.32.0/lib/5.32.0/aix-thread-multi/CORE/op.h\",\nline 207.5: 1506-159 (E) Bit field type specified for op_static is not\nvalid. Type unsigned assumed.\n\"/opt/QL/language/perl5_32/pwr9_optimized/perl-5.32.0/lib/5.32.0/aix-thread-multi/CORE/op.h\",\nline 207.5: 1506-159 (E) Bit field type specified for op_folded is not\nvalid. Type unsigned assumed.\n\"/opt/QL/language/perl5_32/pwr9_optimized/perl-5.32.0/lib/5.32.0/aix-thread-multi/CORE/op.h\",\nline 207.5: 1506-159 (E) Bit field type specified for op_moresib is not\nvalid. Type unsigned assumed.\n\"/opt/QL/language/perl5_32/pwr9_optimized/perl-5.32.0/lib/5.32.0/aix-thread-multi/CORE/op.h\",\nline 207.5: 1506-159 (E) Bit field type specified for op_spare is not\nvalid. Type unsigned assumed.\n\"/opt/QL/language/perl5_32/pwr9_optimized/perl-5.32.0/lib/5.32.0/aix-thread-multi/CORE/op.h\",\nline 212.5: 1506-159 (E) Bit field type specified for op_type is not valid.\nType unsigned assumed.\n\"/opt/QL/language/perl5_32/pwr9_optimized/perl-5.32.0/lib/5.32.0/aix-thread-multi/CORE/op.h\",\nline 212.5: 1506-159 (E) Bit field type specified for op_opt is not valid.\nType unsigned assumed.\n\"/opt/QL/language/perl5_32/pwr9_optimized/perl-5.32.0/lib/5.32.0/aix-thread-multi/CORE/op.h\",\nline 212.5: 1506-159 (E) Bit field type specified for op_slabbed is not\nvalid. Type unsigned assumed.\n\"/opt/QL/language/perl5_32/pwr9_optimized/perl-5.32.0/lib/5.32.0/aix-thread-multi/CORE/op.h\",\nline 212.5: 1506-159 (E) Bit field type specified for op_savefree is not\nvalid. Type unsigned assumed.\n\"/opt/QL/language/perl5_32/pwr9_optimized/perl-5.32.0/lib/5.32.0/aix-thread-multi/CORE/op.h\",\nline 212.5: 1506-159 (E) Bit field type specified for op_static is not\nvalid. Type unsigned assumed.\n\"/opt/QL/language/perl5_32/pwr9_optimized/perl-5.32.0/lib/5.32.0/aix-thread-multi/CORE/op.h\",\nline 212.5: 1506-159 (E) Bit field type specified for op_folded is not\nvalid. Type unsigned assumed.\n\"/opt/QL/language/perl5_32/pwr9_optimized/perl-5.32.0/lib/5.32.0/aix-thread-multi/CORE/op.h\",\nline 212.5: 1506-159 (E) Bit field type specified for op_moresib is not\nvalid. Type unsigned assumed.\n\"/opt/QL/language/perl5_32/pwr9_optimized/perl-5.32.0/lib/5.32.0/aix-thread-multi/CORE/op.h\",\nline 212.5: 1506-159 (E) Bit field type specified for op_spare is not\nvalid. Type unsigned assumed.\n\"/opt/QL/language/perl5_32/pwr9_optimized/perl-5.32.0/lib/5.32.0/aix-thread-multi/CORE/op.h\",\nline 218.5: 1506-159 (E) Bit field type specified for op_type is not valid.\nType unsigned assumed.\n\"/opt/QL/language/perl5_32/pwr9_optimized/perl-5.32.0/lib/5.32.0/aix-thread-multi/CORE/op.h\",\nline 218.5: 1506-159 (E) Bit field type specified for op_opt is not valid.\nType unsigned assumed.\n\"/opt/QL/language/perl5_32/pwr9_optimized/perl-5.32.0/lib/5.32.0/aix-thread-multi/CORE/op.h\",\nline 218.5: 1506-159 (E) Bit field type specified for op_slabbed is not\nvalid. Type unsigned assumed.\n\"/opt/QL/language/perl5_32/pwr9_optimized/perl-5.32.0/lib/5.32.0/aix-thread-multi/CORE/op.h\",\nline 218.5: 1506-159 (E) Bit field type specified for op_savefree is not\nvalid. Type unsigned assumed.\n\"/opt/QL/language/perl5_32/pwr9_optimized/perl-5.32.0/lib/5.32.0/aix-thread-multi/CORE/op.h\",\nline 218.5: 1506-159 (E) Bit field type specified for op_static is not\nvalid. Type unsigned assumed.\n\"/opt/QL/language/perl5_32/pwr9_optimized/perl-5.32.0/lib/5.32.0/aix-thread-multi/CORE/op.h\",\nline 218.5: 1506-159 (E) Bit field type specified for op_folded is not\nvalid. Type unsigned assumed.\n\"/opt/QL/language/perl5_32/pwr9_optimized/perl-5.32.0/lib/5.32.0/aix-thread-multi/CORE/op.h\",\nline 218.5: 1506-159 (E) Bit field type specified for op_moresib is not\nvalid. Type unsigned assumed.\n\"/opt/QL/language/perl5_32/pwr9_optimized/perl-5.32.0/lib/5.32.0/aix-thread-multi/CORE/op.h\",\nline 218.5: 1506-159 (E) Bit field type specified for op_spare is not\nvalid. Type unsigned assumed.\n\"/opt/QL/language/perl5_32/pwr9_optimized/perl-5.32.0/lib/5.32.0/aix-thread-multi/CORE/op.h\",\nline 224.5: 1506-159 (E) Bit field type specified for op_type is not valid.\nType unsigned assumed.\n\"/opt/QL/language/perl5_32/pwr9_optimized/perl-5.32.0/lib/5.32.0/aix-thread-multi/CORE/op.h\",\nline 224.5: 1506-159 (E) Bit field type specified for op_opt is not valid.\nType unsigned assumed.\n\"/opt/QL/language/perl5_32/pwr9_optimized/perl-5.32.0/lib/5.32.0/aix-thread-multi/CORE/op.h\",\nline 224.5: 1506-159 (E) Bit field type specified for op_slabbed is not\nvalid. Type unsigned assumed.\n\"/opt/QL/language/perl5_32/pwr9_optimized/perl-5.32.0/lib/5.32.0/aix-thread-multi/CORE/op.h\",\nline 224.5: 1506-159 (E) Bit field type specified for op_savefree is not\nvalid. Type unsigned assumed.\n\"/opt/QL/language/perl5_32/pwr9_optimized/perl-5.32.0/lib/5.32.0/aix-thread-multi/CORE/op.h\",\nline 224.5: 1506-159 (E) Bit field type specified for op_static is not\nvalid. Type unsigned assumed.\n\"/opt/QL/language/perl5_32/pwr9_optimized/perl-5.32.0/lib/5.32.0/aix-thread-multi/CORE/op.h\",\nline 224.5: 1506-159 (E) Bit field type specified for op_folded is not\nvalid. Type unsigned assumed.\n\"/opt/QL/language/perl5_32/pwr9_optimized/perl-5.32.0/lib/5.32.0/aix-thread-multi/CORE/op.h\",\nline 224.5: 1506-159 (E) Bit field type specified for op_moresib is not\nvalid. Type unsigned assumed.\n\"/opt/QL/language/perl5_32/pwr9_optimized/perl-5.32.0/lib/5.32.0/aix-thread-multi/CORE/op.h\",\nline 224.5: 1506-159 (E) Bit field type specified for op_spare is not\nvalid. Type unsigned assumed.\n\"/opt/QL/language/perl5_32/pwr9_optimized/perl-5.32.0/lib/5.32.0/aix-thread-multi/CORE/op.h\",\nline 230.5: 1506-159 (E) Bit field type specified for op_type is not valid.\nType unsigned assumed.\n\"/opt/QL/language/perl5_32/pwr9_optimized/perl-5.32.0/lib/5.32.0/aix-thread-multi/CORE/op.h\",\nline 230.5: 1506-159 (E) Bit field type specified for op_opt is not valid.\nType unsigned assumed.\n\"/opt/QL/language/perl5_32/pwr9_optimized/perl-5.32.0/lib/5.32.0/aix-thread-multi/CORE/op.h\",\nline 230.5: 1506-159 (E) Bit field type specified for op_slabbed is not\nvalid. Type unsigned assumed.\n\"/opt/QL/language/perl5_32/pwr9_optimized/perl-5.32.0/lib/5.32.0/aix-thread-multi/CORE/op.h\",\nline 230.5: 1506-159 (E) Bit field type specified for op_savefree is not\nvalid. Type unsigned assumed.\n\"/opt/QL/language/perl5_32/pwr9_optimized/perl-5.32.0/lib/5.32.0/aix-thread-multi/CORE/op.h\",\nline 230.5: 1506-159 (E) Bit field type specified for op_static is not\nvalid. Type unsigned assumed.\n\"/opt/QL/language/perl5_32/pwr9_optimized/perl-5.32.0/lib/5.32.0/aix-thread-multi/CORE/op.h\",\nline 230.5: 1506-159 (E) Bit field type specified for op_folded is not\nvalid. Type unsigned assumed.\n\"/opt/QL/language/perl5_32/pwr9_optimized/perl-5.32.0/lib/5.32.0/aix-thread-multi/CORE/op.h\",\nline 230.5: 1506-159 (E) Bit field type specified for op_moresib is not\nvalid. Type unsigned assumed.\n\"/opt/QL/language/perl5_32/pwr9_optimized/perl-5.32.0/lib/5.32.0/aix-thread-multi/CORE/op.h\",\nline 230.5: 1506-159 (E) Bit field type specified for op_spare is not\nvalid. Type unsigned assumed.\n\"/opt/QL/language/perl5_32/pwr9_optimized/perl-5.32.0/lib/5.32.0/aix-thread-multi/CORE/op.h\",\nline 236.5: 1506-159 (E) Bit field type specified for op_type is not valid.\nType unsigned assumed.\n\"/opt/QL/language/perl5_32/pwr9_optimized/perl-5.32.0/lib/5.32.0/aix-thread-multi/CORE/op.h\",\nline 236.5: 1506-159 (E) Bit field type specified for op_opt is not valid.\nType unsigned assumed.\n\"/opt/QL/language/perl5_32/pwr9_optimized/perl-5.32.0/lib/5.32.0/aix-thread-multi/CORE/op.h\",\nline 236.5: 1506-159 (E) Bit field type specified for op_slabbed is not\nvalid. Type unsigned assumed.\n\"/opt/QL/language/perl5_32/pwr9_optimized/perl-5.32.0/lib/5.32.0/aix-thread-multi/CORE/op.h\",\nline 236.5: 1506-159 (E) Bit field type specified for op_savefree is not\nvalid. Type unsigned assumed.\n\"/opt/QL/language/perl5_32/pwr9_optimized/perl-5.32.0/lib/5.32.0/aix-thread-multi/CORE/op.h\",\nline 236.5: 1506-159 (E) Bit field type specified for op_static is not\nvalid. Type unsigned assumed.\n\"/opt/QL/language/perl5_32/pwr9_optimized/perl-5.32.0/lib/5.32.0/aix-thread-multi/CORE/op.h\",\nline 236.5: 1506-159 (E) Bit field type specified for op_folded is not\nvalid. Type unsigned assumed.\n\"/opt/QL/language/perl5_32/pwr9_optimized/perl-5.32.0/lib/5.32.0/aix-thread-multi/CORE/op.h\",\nline 236.5: 1506-159 (E) Bit field type specified for op_moresib is not\nvalid. Type unsigned assumed.\n\"/opt/QL/language/perl5_32/pwr9_optimized/perl-5.32.0/lib/5.32.0/aix-thread-multi/CORE/op.h\",\nline 236.5: 1506-159 (E) Bit field type specified for op_spare is not\nvalid. Type unsigned assumed.\n\"/opt/QL/language/perl5_32/pwr9_optimized/perl-5.32.0/lib/5.32.0/aix-thread-multi/CORE/op.h\",\nline 252.5: 1506-159 (E) Bit field type specified for op_type is not valid.\nType unsigned assumed.\n\"/opt/QL/language/perl5_32/pwr9_optimized/perl-5.32.0/lib/5.32.0/aix-thread-multi/CORE/op.h\",\nline 252.5: 1506-159 (E) Bit field type specified for op_opt is not valid.\nType unsigned assumed.\n\"/opt/QL/language/perl5_32/pwr9_optimized/perl-5.32.0/lib/5.32.0/aix-thread-multi/CORE/op.h\",\nline 252.5: 1506-159 (E) Bit field type specified for op_slabbed is not\nvalid. Type unsigned assumed.\n\"/opt/QL/language/perl5_32/pwr9_optimized/perl-5.32.0/lib/5.32.0/aix-thread-multi/CORE/op.h\",\nline 252.5: 1506-159 (E) Bit field type specified for op_savefree is not\nvalid. Type unsigned assumed.\n\"/opt/QL/language/perl5_32/pwr9_optimized/perl-5.32.0/lib/5.32.0/aix-thread-multi/CORE/op.h\",\nline 252.5: 1506-159 (E) Bit field type specified for op_static is not\nvalid. Type unsigned assumed.\n\"/opt/QL/language/perl5_32/pwr9_optimized/perl-5.32.0/lib/5.32.0/aix-thread-multi/CORE/op.h\",\nline 252.5: 1506-159 (E) Bit field type specified for op_folded is not\nvalid. Type unsigned assumed.\n\"/opt/QL/language/perl5_32/pwr9_optimized/perl-5.32.0/lib/5.32.0/aix-thread-multi/CORE/op.h\",\nline 252.5: 1506-159 (E) Bit field type specified for op_moresib is not\nvalid. Type unsigned assumed.\n\"/opt/QL/language/perl5_32/pwr9_optimized/perl-5.32.0/lib/5.32.0/aix-thread-multi/CORE/op.h\",\nline 252.5: 1506-159 (E) Bit field type specified for op_spare is not\nvalid. Type unsigned assumed.\n\"/opt/QL/language/perl5_32/pwr9_optimized/perl-5.32.0/lib/5.32.0/aix-thread-multi/CORE/op.h\",\nline 413.5: 1506-159 (E) Bit field type specified for op_type is not valid.\nType unsigned assumed.\n\"/opt/QL/language/perl5_32/pwr9_optimized/perl-5.32.0/lib/5.32.0/aix-thread-multi/CORE/op.h\",\nline 413.5: 1506-159 (E) Bit field type specified for op_opt is not valid.\nType unsigned assumed.\n\"/opt/QL/language/perl5_32/pwr9_optimized/perl-5.32.0/lib/5.32.0/aix-thread-multi/CORE/op.h\",\nline 413.5: 1506-159 (E) Bit field type specified for op_slabbed is not\nvalid. Type unsigned assumed.\n\"/opt/QL/language/perl5_32/pwr9_optimized/perl-5.32.0/lib/5.32.0/aix-thread-multi/CORE/op.h\",\nline 413.5: 1506-159 (E) Bit field type specified for op_savefree is not\nvalid. Type unsigned assumed.\n\"/opt/QL/language/perl5_32/pwr9_optimized/perl-5.32.0/lib/5.32.0/aix-thread-multi/CORE/op.h\",\nline 413.5: 1506-159 (E) Bit field type specified for op_static is not\nvalid. Type unsigned assumed.\n\"/opt/QL/language/perl5_32/pwr9_optimized/perl-5.32.0/lib/5.32.0/aix-thread-multi/CORE/op.h\",\nline 413.5: 1506-159 (E) Bit field type specified for op_folded is not\nvalid. Type unsigned assumed.\n\"/opt/QL/language/perl5_32/pwr9_optimized/perl-5.32.0/lib/5.32.0/aix-thread-multi/CORE/op.h\",\nline 413.5: 1506-159 (E) Bit field type specified for op_moresib is not\nvalid. Type unsigned assumed.\n\"/opt/QL/language/perl5_32/pwr9_optimized/perl-5.32.0/lib/5.32.0/aix-thread-multi/CORE/op.h\",\nline 413.5: 1506-159 (E) Bit field type specified for op_spare is not\nvalid. Type unsigned assumed.\n\"/opt/QL/language/perl5_32/pwr9_optimized/perl-5.32.0/lib/5.32.0/aix-thread-multi/CORE/op.h\",\nline 418.5: 1506-159 (E) Bit field type specified for op_type is not valid.\nType unsigned assumed.\n\"/opt/QL/language/perl5_32/pwr9_optimized/perl-5.32.0/lib/5.32.0/aix-thread-multi/CORE/op.h\",\nline 418.5: 1506-159 (E) Bit field type specified for op_opt is not valid.\nType unsigned assumed.\n\"/opt/QL/language/perl5_32/pwr9_optimized/perl-5.32.0/lib/5.32.0/aix-thread-multi/CORE/op.h\",\nline 418.5: 1506-159 (E) Bit field type specified for op_slabbed is not\nvalid. Type unsigned assumed.\n\"/opt/QL/language/perl5_32/pwr9_optimized/perl-5.32.0/lib/5.32.0/aix-thread-multi/CORE/op.h\",\nline 418.5: 1506-159 (E) Bit field type specified for op_savefree is not\nvalid. Type unsigned assumed.\n\"/opt/QL/language/perl5_32/pwr9_optimized/perl-5.32.0/lib/5.32.0/aix-thread-multi/CORE/op.h\",\nline 418.5: 1506-159 (E) Bit field type specified for op_static is not\nvalid. Type unsigned assumed.\n\"/opt/QL/language/perl5_32/pwr9_optimized/perl-5.32.0/lib/5.32.0/aix-thread-multi/CORE/op.h\",\nline 418.5: 1506-159 (E) Bit field type specified for op_folded is not\nvalid. Type unsigned assumed.\n\"/opt/QL/language/perl5_32/pwr9_optimized/perl-5.32.0/lib/5.32.0/aix-thread-multi/CORE/op.h\",\nline 418.5: 1506-159 (E) Bit field type specified for op_moresib is not\nvalid. Type unsigned assumed.\n\"/opt/QL/language/perl5_32/pwr9_optimized/perl-5.32.0/lib/5.32.0/aix-thread-multi/CORE/op.h\",\nline 418.5: 1506-159 (E) Bit field type specified for op_spare is not\nvalid. Type unsigned assumed.\n\"/opt/QL/language/perl5_32/pwr9_optimized/perl-5.32.0/lib/5.32.0/aix-thread-multi/CORE/op.h\",\nline 423.5: 1506-159 (E) Bit field type specified for op_type is not valid.\nType unsigned assumed.\n\"/opt/QL/language/perl5_32/pwr9_optimized/perl-5.32.0/lib/5.32.0/aix-thread-multi/CORE/op.h\",\nline 423.5: 1506-159 (E) Bit field type specified for op_opt is not valid.\nType unsigned assumed.\n\"/opt/QL/language/perl5_32/pwr9_optimized/perl-5.32.0/lib/5.32.0/aix-thread-multi/CORE/op.h\",\nline 423.5: 1506-159 (E) Bit field type specified for op_slabbed is not\nvalid. Type unsigned assumed.\n\"/opt/QL/language/perl5_32/pwr9_optimized/perl-5.32.0/lib/5.32.0/aix-thread-multi/CORE/op.h\",\nline 423.5: 1506-159 (E) Bit field type specified for op_savefree is not\nvalid. Type unsigned assumed.\n\"/opt/QL/language/perl5_32/pwr9_optimized/perl-5.32.0/lib/5.32.0/aix-thread-multi/CORE/op.h\",\nline 423.5: 1506-159 (E) Bit field type specified for op_static is not\nvalid. Type unsigned assumed.\n\"/opt/QL/language/perl5_32/pwr9_optimized/perl-5.32.0/lib/5.32.0/aix-thread-multi/CORE/op.h\",\nline 423.5: 1506-159 (E) Bit field type specified for op_folded is not\nvalid. Type unsigned assumed.\n\"/opt/QL/language/perl5_32/pwr9_optimized/perl-5.32.0/lib/5.32.0/aix-thread-multi/CORE/op.h\",\nline 423.5: 1506-159 (E) Bit field type specified for op_moresib is not\nvalid. Type unsigned assumed.\n\"/opt/QL/language/perl5_32/pwr9_optimized/perl-5.32.0/lib/5.32.0/aix-thread-multi/CORE/op.h\",\nline 423.5: 1506-159 (E) Bit field type specified for op_spare is not\nvalid. Type unsigned assumed.\n\"/opt/QL/language/perl5_32/pwr9_optimized/perl-5.32.0/lib/5.32.0/aix-thread-multi/CORE/op.h\",\nline 428.5: 1506-159 (E) Bit field type specified for op_type is not valid.\nType unsigned assumed.\n\"/opt/QL/language/perl5_32/pwr9_optimized/perl-5.32.0/lib/5.32.0/aix-thread-multi/CORE/op.h\",\nline 428.5: 1506-159 (E) Bit field type specified for op_opt is not valid.\nType unsigned assumed.\n\"/opt/QL/language/perl5_32/pwr9_optimized/perl-5.32.0/lib/5.32.0/aix-thread-multi/CORE/op.h\",\nline 428.5: 1506-159 (E) Bit field type specified for op_slabbed is not\nvalid. Type unsigned assumed.\n\"/opt/QL/language/perl5_32/pwr9_optimized/perl-5.32.0/lib/5.32.0/aix-thread-multi/CORE/op.h\",\nline 428.5: 1506-159 (E) Bit field type specified for op_savefree is not\nvalid. Type unsigned assumed.\n\"/opt/QL/language/perl5_32/pwr9_optimized/perl-5.32.0/lib/5.32.0/aix-thread-multi/CORE/op.h\",\nline 428.5: 1506-159 (E) Bit field type specified for op_static is not\nvalid. Type unsigned assumed.\n\"/opt/QL/language/perl5_32/pwr9_optimized/perl-5.32.0/lib/5.32.0/aix-thread-multi/CORE/op.h\",\nline 428.5: 1506-159 (E) Bit field type specified for op_folded is not\nvalid. Type unsigned assumed.\n\"/opt/QL/language/perl5_32/pwr9_optimized/perl-5.32.0/lib/5.32.0/aix-thread-multi/CORE/op.h\",\nline 428.5: 1506-159 (E) Bit field type specified for op_moresib is not\nvalid. Type unsigned assumed.\n\"/opt/QL/language/perl5_32/pwr9_optimized/perl-5.32.0/lib/5.32.0/aix-thread-multi/CORE/op.h\",\nline 428.5: 1506-159 (E) Bit field type specified for op_spare is not\nvalid. Type unsigned assumed.\n\"/opt/QL/language/perl5_32/pwr9_optimized/perl-5.32.0/lib/5.32.0/aix-thread-multi/CORE/cop.h\",\nline 398.5: 1506-159 (E) Bit field type specified for op_type is not valid.\nType unsigned assumed.\n\"/opt/QL/language/perl5_32/pwr9_optimized/perl-5.32.0/lib/5.32.0/aix-thread-multi/CORE/cop.h\",\nline 398.5: 1506-159 (E) Bit field type specified for op_opt is not valid.\nType unsigned assumed.\n\"/opt/QL/language/perl5_32/pwr9_optimized/perl-5.32.0/lib/5.32.0/aix-thread-multi/CORE/cop.h\",\nline 398.5: 1506-159 (E) Bit field type specified for op_slabbed is not\nvalid. Type unsigned assumed.\n\"/opt/QL/language/perl5_32/pwr9_optimized/perl-5.32.0/lib/5.32.0/aix-thread-multi/CORE/cop.h\",\nline 398.5: 1506-159 (E) Bit field type specified for op_savefree is not\nvalid. Type unsigned assumed.\n\"/opt/QL/language/perl5_32/pwr9_optimized/perl-5.32.0/lib/5.32.0/aix-thread-multi/CORE/cop.h\",\nline 398.5: 1506-159 (E) Bit field type specified for op_static is not\nvalid. Type unsigned assumed.\n\"/opt/QL/language/perl5_32/pwr9_optimized/perl-5.32.0/lib/5.32.0/aix-thread-multi/CORE/cop.h\",\nline 398.5: 1506-159 (E) Bit field type specified for op_folded is not\nvalid. Type unsigned assumed.\n\"/opt/QL/language/perl5_32/pwr9_optimized/perl-5.32.0/lib/5.32.0/aix-thread-multi/CORE/cop.h\",\nline 398.5: 1506-159 (E) Bit field type specified for op_moresib is not\nvalid. Type unsigned assumed.\n\"/opt/QL/language/perl5_32/pwr9_optimized/perl-5.32.0/lib/5.32.0/aix-thread-multi/CORE/cop.h\",\nline 398.5: 1506-159 (E) Bit field type specified for op_spare is not\nvalid. Type unsigned assumed.\n\"/opt/QL/language/perl5_32/pwr9_optimized/perl-5.32.0/lib/5.32.0/aix-thread-multi/CORE/parser.h\",\nline 123.25: 1506-159 (E) Bit field type specified for in_pod is not valid.\nType unsigned assumed.\n\"/opt/QL/language/perl5_32/pwr9_optimized/perl-5.32.0/lib/5.32.0/aix-thread-multi/CORE/parser.h\",\nline 124.25: 1506-159 (E) Bit field type specified for filtered is not\nvalid. Type unsigned assumed.\n\"/opt/QL/language/perl5_32/pwr9_optimized/perl-5.32.0/lib/5.32.0/aix-thread-multi/CORE/parser.h\",\nline 125.25: 1506-159 (E) Bit field type specified for saw_infix_sigil is\nnot valid. Type unsigned assumed.\n\"/opt/QL/language/perl5_32/pwr9_optimized/perl-5.32.0/lib/5.32.0/aix-thread-multi/CORE/parser.h\",\nline 126.25: 1506-159 (E) Bit field type specified for parsed_sub is not\nvalid. Type unsigned assumed.\n\"/opt/QL/language/perl5_32/pwr9_optimized/perl-5.32.0/lib/5.32.0/aix-thread-multi/CORE/perl.h\",\nline 4687.15: 1506-963 (W) The attribute \"deprecated\" is not a valid\nvariable attribute and is ignored.\n\"XS.xs\", line 509.12: 1506-1528 (W) The function \"Perl_utf8n_to_uvuni\" is\ndeprecated.\n        \"/opt/QL/language/perl5_32/pwr9_optimized/perl-5.32.0/bin/perl\"\n-MExtUtils::Mksymlists  -e \"Mksymlists('NAME'=\u003e\\\"Cpanel::JSON::XS\\\",\n'DLBASE' =\u003e 'XS', 'DL_FUNCS' =\u003e {  }, 'FUNCLIST' =\u003e [], 'IMPORTS' =\u003e {  },\n'DL_VARS' =\u003e []);\"\n        rm -f blib/arch/auto/Cpanel/JSON/XS/XS.so\n        ld  -bhalt:4 -G\n-bI:/opt/QL/language/perl5_32/pwr9_optimized/perl-5.32.0/lib/5.32.0/aix-thread-multi/CORE/perl.exp\n -bnoentry -lpthreads -lc -lm -bE:XS.exp XS.o  -o\nblib/arch/auto/Cpanel/JSON/XS/XS.so\n        chmod 755 blib/arch/auto/Cpanel/JSON/XS/XS.so\n        cp bin/cpanel_json_xs blib/script/cpanel_json_xs\n        \"/opt/QL/language/perl5_32/pwr9_optimized/perl-5.32.0/bin/perl\"\n-MExtUtils::MY -e 'MY-\u003efixin(shift)' -- blib/script/cpanel_json_xs\nManifying 1 pod document\nManifying 3 pod documents\nroot@ql1ampbtdbk1# make test\n         \"/opt/QL/language/perl5_32/pwr9_optimized/perl-5.32.0/bin/perl\"\n-MExtUtils::Command::MM -e 'cp_nonempty' -- XS.bs\nblib/arch/auto/Cpanel/JSON/XS/XS.bs 644\n        PERL_DL_NONLAZY=1\n\"/opt/QL/language/perl5_32/pwr9_optimized/perl-5.32.0/bin/perl\"\n\"-MExtUtils::Command::MM\" \"-MTest::Harness\" \"-e\" \"undef\n*Test::Harness::Switches; test_harness(0, 'blib/lib', 'blib/arch')\"\n-Mcommon::sense t/*.t\nt/00_load.t ................ ok\nt/01_utf8.t ................ ok\nt/02_error.t ............... ok\nt/03_types.t ............... ok\nt/04_dwiw_encode.t ......... ok\nt/05_dwiw_decode.t ......... ok\nt/06_pc_pretty.t ........... ok\nt/07_pc_esc.t .............. ok\nt/08_pc_base.t ............. ok\nt/08_pc_base_nv.t .......... ok\nt/09_pc_extra_number.t ..... ok\nt/104_sortby.t ............. ok\nt/105_esc_slash.t .......... ok\nt/106_allow_barekey.t ...... ok\nt/107_allow_singlequote.t .. ok\nt/108_decode.t ............. ok\nt/109_encode.t ............. ok\nt/10_pc_keysort.t .......... ok\nt/110_bignum.t ............. ok\nt/112_upgrade.t ............ ok\nt/113_overloaded_eq.t ...... ok\nt/114_decode_prefix.t ...... ok\nt/115_tie_ixhash.t ......... ok\nt/116_incr_parse_fixed.t ... ok\nt/117_numbers.t ............ 1/25\n#   Failed test 'inf -\u003e \"inf\" stringify_infnan(1)'\n#   at t/117_numbers.t line 73.\n#          got: '[INF.0]'\n#     expected: '[\"inf\"]'\n\n#   Failed test '-inf -\u003e \"-inf\"'\n#   at t/117_numbers.t line 73.\n#          got: '[-INF.0]'\n#     expected: '[\"-inf\"]'\n\n#   Failed test 'nan -\u003e \"nan\"'\n#   at t/117_numbers.t line 73.\n#          got: '[\"-NaNQ\"]'\n#     expected: '[\"NANQ\"]'\n\n#   Failed test '-nan -\u003e \"-nan\"'\n#   at t/117_numbers.t line 73.\n#          got: '[\"NaNQ\"]'\n#     expected: '[\"NANQ\"]'\n\n#   Failed test '-nan -\u003e \"-nan\"'\n#   at t/117_numbers.t line 73.\n#          got: '[\"NaNQ\"]'\n#     expected: '[\"NANQ\"]'\n\n#   Failed test 'inf stringify_infnan(2)'\n#   at t/117_numbers.t line 73.\n#          got: '[INF.0]'\n#     expected: '[inf]'\n\n#   Failed test '-inf'\n#   at t/117_numbers.t line 73.\n#          got: '[-INF.0]'\n#     expected: '[-inf]'\n\n#   Failed test 'nan'\n#   at t/117_numbers.t line 73.\n#          got: '[-NaNQ]'\n#     expected: '[NANQ]'\n\n#   Failed test '-nan'\n#   at t/117_numbers.t line 73.\n#          got: '[NaNQ]'\n#     expected: '[NANQ]'\n\n#   Failed test '-nan'\n#   at t/117_numbers.t line 73.\n#          got: '[NaNQ]'\n#     expected: '[NANQ]'\n\n#   Failed test 'inf stringify_infnan(3)'\n#   at t/117_numbers.t line 101.\n#          got: '[INF.0]'\n#     expected: '[\"inf\"]'\n\n#   Failed test '-inf'\n#   at t/117_numbers.t line 102.\n#          got: '[-INF.0]'\n#     expected: '[\"-inf\"]'\n# Looks like you failed 12 tests of 25.\nt/117_numbers.t ............ Dubious, test returned 12 (wstat 3072, 0xc00)\nFailed 12/25 subtests\nt/118_type.t ............... ok\nt/119_type_decode.t ........ ok\nt/11_pc_expo.t ............. ok\nt/120_type_all_string.t .... ok\nt/121_memleak.t ............ ok\nt/125_shared_boolean.t ..... ok\nt/12_blessed.t ............. ok\nt/13_limit.t ............... ok\nt/14_latin1.t .............. ok\nt/15_prefix.t .............. ok\nt/16_tied.t ................ ok\nt/17_relaxed.t ............. ok\nt/18_json_checker.t ........ ok\nt/19_incr.t ................ ok\nt/20_faihu.t ............... ok\nt/20_unknown.t ............. ok\nt/21_evans.t ............... ok\nt/22_comment_at_eof.t ...... ok\nt/23_array_ctx.t ........... ok\nt/24_freeze_recursion.t .... ok\nt/25_boolean.t ............. ok\nt/26_duplicate.t ........... ok\nt/30_jsonspec.t ............ ok\nt/31_bom.t ................. ok\nt/52_object.t .............. ok\nt/53_readonly.t ............ ok\nt/54_stringify.t ........... ok\nt/55_modifiable.t .......... ok\nt/96_interop.t ............. ok\nt/96_interop_pp.t .......... ok\nt/96_mojo.t ................ ok\nt/97_unshare_hek.t ......... ok\nt/98_56only.t .............. ok\nt/99_binary.t .............. ok\nt/zero-mojibake.t .......... ok\n\nTest Summary Report\n-------------------\nt/117_numbers.t          (Wstat: 3072 Tests: 25 Failed: 12)\n  Failed tests:  6-17\n  Non-zero exit status: 12\nFiles=60, Tests=2877,  6 wallclock secs ( 0.15 usr  0.05 sys +  1.52 cusr\n 0.28 csys =  2.00 CPU)\nResult: FAIL\nFailed 1/60 test programs. 12/2877 subtests failed.\nmake: 1254-004 The error code from the last command is 255.\n\n\nStop.\n\nOn Sat, Aug 8, 2020 at 3:12 AM Reini Urban \u003cnotifications@github.com\u003e wrote:\n\n\u003e I think I fixed the AIX problem now. There was another special case for\n\u003e QNAN around, which I removed.\n\u003e Can you try inf-aix 26203a2\n\u003e \u003chttps://github.com/rurban/Cpanel-JSON-XS/commit/26203a25b87e639243aa76b933bb032343504613\u003e\n\u003e\n\u003e â€”\n\u003e You are receiving this because you commented.\n\u003e Reply to this email directly, view it on GitHub\n\u003e \u003chttps://github.com/rurban/Cpanel-JSON-XS/issues/165#issuecomment-670836845\u003e,\n\u003e or unsubscribe\n\u003e \u003chttps://github.com/notifications/unsubscribe-auth/AI3XOZHF7F3MINNIRUHYP4TR7T3FLANCNFSM4NKGPSIQ\u003e\n\u003e .\n\u003e","files":null},{"type":3,"author":{"id":"42b8049125821cad60d350df07d9d216b854f3f7"},"timestamp":1596971449,"metadata":{"github-id":"MDEyOklzc3VlQ29tbWVudDY3MTAzODUwMQ==","github-url":"https://github.com/rurban/Cpanel-JSON-XS/issues/165#issuecomment-671038501"},"message":"Thanks. Can I have a more detailed log of the failing test file? Same as before? Very strange if so.","files":null},{"type":3,"author":{"id":"25d2f86c16f2d88fc7e70008cbc3245fd81962e9"},"timestamp":1597058433,"metadata":{"github-id":"MDEyOklzc3VlQ29tbWVudDY3MTI5Nzc3MQ==","github-url":"https://github.com/rurban/Cpanel-JSON-XS/issues/165#issuecomment-671297771"},"message":"Hello Reini, seems to be two problems in one issue. I opened the issue for AIX 7.2 TL 4.  Perl 5.20.1. AIX 7.2 TL 5 is usung Perl 5.26.\n\nTested your fix in commit  26203a2 and nothing did change. Same error as before.","files":null},{"type":3,"author":{"id":"42b8049125821cad60d350df07d9d216b854f3f7"},"timestamp":1597232063,"metadata":{"github-id":"MDEyOklzc3VlQ29tbWVudDY3MjgxODAyMg==","github-url":"https://github.com/rurban/Cpanel-JSON-XS/issues/165#issuecomment-672818022"},"message":"This needs to be debugged on AIX. I'll keep the old STD_QNAN string, this might need to be libc version-specific and the detection is also wrong.","files":null},{"type":3,"author":{"id":"6deec92d1b38ea8cf9a625c1fac2140c62429af4"},"timestamp":1607855852,"metadata":{"github-id":"MDEyOklzc3VlQ29tbWVudDc0Mzk4NTkxMQ==","github-url":"https://github.com/rurban/Cpanel-JSON-XS/issues/165#issuecomment-743985911"},"message":"This is the same issue with a different set of tools in use, maybe this helps to understand and fix the issue:\n\n```\nuname -s\nAIX\n```\n```\noslevel -s\n7200-04-02-2028\n```\n```\ngcc --version\ngcc (GCC) 8.3.0\n```\nConfiguration of the non-system perl (5.14.2)  that we are working with and how perl was compiled with **gcc** in the past\n```\nperl -V:'(version|osname|osvers|archname|cc|gccversion)'\narchname='aix-thread-multi-64all';\ncc='gcc -maix64 -static-libgcc -maix64';\ngccversion='4.4.5';\nosname='aix';\nosvers='6.1.0.0';\nversion='5.14.2';\n```\nProblems already occured when I have started to configure Cpanel-JSON-XS-4.25 \n```\nperl Makefile.PL\nprobe for xlocale.h... tmp.c:2:10: fatal error: xlocale.h: No such file or directory\n #include \u003cxlocale.h\u003e\n          ^~~~~~~~~~~\ncompilation terminated.\nnot found\ngcc -maix64 -static-libgcc -maix64 -D_THREAD_SAFE -I/usr/local/perl-5.14.2_64_8/include -D_ALL_SOURCE -D_ANSI_C_SOURCE -D_POSIX_SOURCE -DUSE_NATIVE_DLOPEN -DNEED_PTHREAD_INIT -fno-strict-aliasing -pipe -I/usr/local/include -maix64 -DUSE_64_BIT_ALL -o tmp  -Wl,-brtl,-bexpall,-bmaxdata:0x80000000 -L/usr/local/perl-5.14.2_64_8/lib -Wl,-brtl -Wl,-bdynamic -Wl,-b64 tmp.c -lbind -lnsl -ldbm -ldl -lld -lm -lcrypt -lpthreads -lc\nChecking if your kit is complete...\nLooks good\nGenerating a Unix-style Makefile\nWriting Makefile for Cpanel::JSON::XS\nWriting MYMETA.yml and MYMETA.json\n```\nAnd now the test that is failing\n\n```\nmake TEST_FILES=t/117_numbers.t test\nRunning Mkbootstrap for XS ()\nchmod 644 \"XS.bs\"\n\"/usr/local/perl/bin/perl\" -MExtUtils::Command::MM -e 'cp_nonempty' -- XS.bs blib/arch/auto/Cpanel/JSON/XS/XS.bs 644\n\"/usr/local/perl/bin/perl\" \"/usr/local/perl-5.14.2_64_8/lib/5.14.2/ExtUtils/xsubpp\"  -typemap '/usr/local/perl-5.14.2_64_8/lib/5.14.2/ExtUtils/typemap' -typemap '/home/micsw/.cpan/build/Cpanel-JSON-XS-4.25-lK2SfT/typemap'  XS.xs \u003e XS.xsc\nmv XS.xsc XS.c\ngcc -maix64 -static-libgcc -maix64 -c   -D_THREAD_SAFE -I/usr/local/perl-5.14.2_64_8/include -D_ALL_SOURCE -D_ANSI_C_SOURCE -D_POSIX_SOURCE -DUSE_NATIVE_DLOPEN -DNEED_PTHREAD_INIT -fno-strict-aliasing -pipe -I/usr/local/include -maix64 -DUSE_64_BIT_ALL -O2   -DVERSION=\\\"4.25\\\" -DXS_VERSION=\\\"4.25\\\"  \"-I/usr/local/perl-5.14.2_64_8/lib/5.14.2/aix-thread-multi-64all/CORE\"  -Wall -Werror=declaration-after-statement -Wextra -W XS.c\n\"/usr/local/perl/bin/perl\" -MExtUtils::Mksymlists \\\n     -e \"Mksymlists('NAME'=\u003e\\\"Cpanel::JSON::XS\\\", 'DLBASE' =\u003e 'XS', 'DL_FUNCS' =\u003e {  }, 'FUNCLIST' =\u003e [], 'IMPORTS' =\u003e {  }, 'DL_VARS' =\u003e []);\"\nrm -f blib/arch/auto/Cpanel/JSON/XS/XS.so\ngcc -maix64 -static-libgcc -maix64  -Wl,-b64 -Wl,-bhalt:4 -Wl,-G -Wl,-bI:/usr/local/perl-5.14.2_64_8/lib/5.14.2/aix-thread-multi-64all/CORE/perl.exp  -Wl,-bnoentry -lpthreads -lc -lm -L/usr/local/perl-5.14.2_64_8/lib -Wl,-bE:XS.exp XS.o  -o blib/arch/auto/Cpanel/JSON/XS/XS.so  \\\n      \\\n\nchmod 755 blib/arch/auto/Cpanel/JSON/XS/XS.so\ncp XS/Boolean.pm blib/lib/Cpanel/JSON/XS/Boolean.pm\ncp XS/Type.pm blib/lib/Cpanel/JSON/XS/Type.pm\ncp XS.pm blib/lib/Cpanel/JSON/XS.pm\ncp bin/cpanel_json_xs blib/script/cpanel_json_xs\n\"/usr/local/perl/bin/perl\" -MExtUtils::MY -e 'MY-\u003efixin(shift)' -- blib/script/cpanel_json_xs\nPERL_DL_NONLAZY=1 \"/usr/local/perl/bin/perl\" \"-MExtUtils::Command::MM\" \"-MTest::Harness\" \"-e\" \"undef *Test::Harness::Switches; test_harness(0, 'blib/lib', 'blib/arch')\" t/117_numbers.t\nt/117_numbers.t .. 1/25\n#   Failed test 'inf -\u003e \"inf\" stringify_infnan(1)'\n#   at t/117_numbers.t line 73.\n#          got: '[INF.0]'\n#     expected: '[\"inf\"]'\n\n#   Failed test '-inf -\u003e \"-inf\"'\n#   at t/117_numbers.t line 73.\n#          got: '[-INF.0]'\n#     expected: '[\"-inf\"]'\n\n#   Failed test 'nan -\u003e \"nan\"'\n#   at t/117_numbers.t line 73.\n#          got: '[-NaNQ]'\n#     expected: '[\"NANQ\"]'\n\n#   Failed test '-nan -\u003e \"-nan\"'\n#   at t/117_numbers.t line 73.\n#          got: '[NaNQ]'\n#     expected: '[\"NANQ\"]'\n\n#   Failed test '-nan -\u003e \"-nan\"'\n#   at t/117_numbers.t line 73.\n#          got: '[NaNQ]'\n#     expected: '[\"NANQ\"]'\n\n#   Failed test 'inf stringify_infnan(2)'\n#   at t/117_numbers.t line 73.\n#          got: '[INF.0]'\n#     expected: '[inf]'\n\n#   Failed test '-inf'\n#   at t/117_numbers.t line 73.\n#          got: '[-INF.0]'\n#     expected: '[-inf]'\n\n#   Failed test 'nan'\n#   at t/117_numbers.t line 73.\n#          got: '[-NaNQ]'\n#     expected: '[NANQ]'\n\n#   Failed test '-nan'\n#   at t/117_numbers.t line 73.\n#          got: '[NaNQ]'\n#     expected: '[NANQ]'\n\n#   Failed test '-nan'\n#   at t/117_numbers.t line 73.\n#          got: '[NaNQ]'\n#     expected: '[NANQ]'\n\n#   Failed test 'inf stringify_infnan(3)'\n#   at t/117_numbers.t line 101.\n#          got: '[INF.0]'\n#     expected: '[\"inf\"]'\n\n#   Failed test '-inf'\n#   at t/117_numbers.t line 102.\n#          got: '[-INF.0]'\n#     expected: '[\"-inf\"]'\n\n#   Failed test 'nan'\n#   at t/117_numbers.t line 103.\n#          got: '[-NaNQ]'\n#     expected: '[\"nan\"]'\n\n#   Failed test 'nan or -nan'\n#   at t/117_numbers.t line 104.\n#          got: '[NaNQ]'\n#     expected: '[\"nan\"]'\n\n#   Failed test 'nan or -nan'\n#   at t/117_numbers.t line 105.\n#          got: '[NaNQ]'\n#     expected: '[\"nan\"]'\n# Looks like you failed 15 tests of 25.\nt/117_numbers.t .. Dubious, test returned 15 (wstat 3840, 0xf00)\nFailed 15/25 subtests\n\nTest Summary Report\n-------------------\nt/117_numbers.t (Wstat: 3840 Tests: 25 Failed: 15)\n  Failed tests:  6-20\n  Non-zero exit status: 15\nFiles=1, Tests=25,  0 wallclock secs ( 0.01 usr  0.00 sys +  0.02 cusr  0.00 csys =  0.03 CPU)\nResult: FAIL\nFailed 1/1 test programs. 15/25 subtests failed.\ngmake: *** [Makefile:1221: test_dynamic] Error 15\n\n\n```","files":null}]}